<?xml version="1.0" encoding="UTF-8"?>
<testng-results skipped="0" failed="0" ignored="0" total="1" passed="1">
  <reporter-output>
  </reporter-output>
  <suite name="Default suite" duration-ms="2372" started-at="2020-06-12T12:00:24 IST" finished-at="2020-06-12T12:00:27 IST">
    <groups>
    </groups>
    <test name="Default test" duration-ms="2372" started-at="2020-06-12T12:00:24 IST" finished-at="2020-06-12T12:00:27 IST">
      <class name="Website.Cashify.Carttotal">
        <test-method status="PASS" signature="browserinitiate()[pri:0, instance:Website.Cashify.Carttotal@7c137fd5]" name="browserinitiate" is-config="true" duration-ms="1583" started-at="2020-06-12T12:00:24 IST" finished-at="2020-06-12T12:00:26 IST">
          <reporter-output>
          </reporter-output>
        </test-method> <!-- browserinitiate -->
        <test-method status="PASS" signature="Cartvalue()[pri:0, instance:Website.Cashify.Carttotal@7c137fd5]" name="Cartvalue" duration-ms="496" started-at="2020-06-12T12:00:26 IST" finished-at="2020-06-12T12:00:26 IST">
          <reporter-output>
          </reporter-output>
        </test-method> <!-- Cartvalue -->
        <test-method status="PASS" signature="broserclose()[pri:0, instance:Website.Cashify.Carttotal@7c137fd5]" name="broserclose" is-config="true" duration-ms="211" started-at="2020-06-12T12:00:26 IST" finished-at="2020-06-12T12:00:27 IST">
          <reporter-output>
          </reporter-output>
        </test-method> <!-- broserclose -->
      </class> <!-- Website.Cashify.Carttotal -->
    </test> <!-- Default test -->
  </suite> <!-- Default suite -->
</testng-results>
